{"/Users/js/code/visma-eaccounting-npm-package/packages/visma-eaccounting/src/client.ts": {"path":"/Users/js/code/visma-eaccounting-npm-package/packages/visma-eaccounting/src/client.ts","statementMap":{"0":{"start":{"line":11,"column":4},"end":{"line":11,"column":null}},"1":{"start":{"line":12,"column":4},"end":{"line":12,"column":null}},"2":{"start":{"line":13,"column":4},"end":{"line":13,"column":null}},"3":{"start":{"line":15,"column":4},"end":{"line":20,"column":null}},"4":{"start":{"line":23,"column":4},"end":{"line":31,"column":null}},"5":{"start":{"line":25,"column":8},"end":{"line":27,"column":null}},"6":{"start":{"line":26,"column":10},"end":{"line":26,"column":null}},"7":{"start":{"line":28,"column":8},"end":{"line":28,"column":null}},"8":{"start":{"line":30,"column":17},"end":{"line":30,"column":null}},"9":{"start":{"line":34,"column":4},"end":{"line":54,"column":null}},"10":{"start":{"line":35,"column":20},"end":{"line":35,"column":null}},"11":{"start":{"line":37,"column":39},"end":{"line":40,"column":null}},"12":{"start":{"line":42,"column":8},"end":{"line":50,"column":null}},"13":{"start":{"line":43,"column":23},"end":{"line":43,"column":null}},"14":{"start":{"line":44,"column":10},"end":{"line":46,"column":null}},"15":{"start":{"line":45,"column":12},"end":{"line":45,"column":null}},"16":{"start":{"line":47,"column":10},"end":{"line":49,"column":null}},"17":{"start":{"line":48,"column":12},"end":{"line":48,"column":null}},"18":{"start":{"line":52,"column":8},"end":{"line":52,"column":null}},"19":{"start":{"line":61,"column":4},"end":{"line":61,"column":null}},"20":{"start":{"line":68,"column":4},"end":{"line":68,"column":null}},"21":{"start":{"line":75,"column":21},"end":{"line":75,"column":null}},"22":{"start":{"line":76,"column":4},"end":{"line":76,"column":null}},"23":{"start":{"line":83,"column":21},"end":{"line":83,"column":null}},"24":{"start":{"line":84,"column":4},"end":{"line":84,"column":null}},"25":{"start":{"line":91,"column":21},"end":{"line":91,"column":null}},"26":{"start":{"line":92,"column":4},"end":{"line":92,"column":null}},"27":{"start":{"line":99,"column":21},"end":{"line":99,"column":null}},"28":{"start":{"line":100,"column":4},"end":{"line":100,"column":null}},"29":{"start":{"line":107,"column":21},"end":{"line":107,"column":null}},"30":{"start":{"line":108,"column":4},"end":{"line":108,"column":null}},"31":{"start":{"line":120,"column":20},"end":{"line":120,"column":null}},"32":{"start":{"line":121,"column":18},"end":{"line":121,"column":null}},"33":{"start":{"line":123,"column":24},"end":{"line":129,"column":null}},"34":{"start":{"line":131,"column":4},"end":{"line":131,"column":null}},"35":{"start":{"line":143,"column":21},"end":{"line":143,"column":null}},"36":{"start":{"line":145,"column":17},"end":{"line":151,"column":null}},"37":{"start":{"line":153,"column":4},"end":{"line":168,"column":null}},"38":{"start":{"line":154,"column":23},"end":{"line":158,"column":null}},"39":{"start":{"line":160,"column":6},"end":{"line":160,"column":null}},"40":{"start":{"line":162,"column":6},"end":{"line":166,"column":null}},"41":{"start":{"line":163,"column":8},"end":{"line":165,"column":null}},"42":{"start":{"line":167,"column":6},"end":{"line":167,"column":null}},"43":{"start":{"line":179,"column":21},"end":{"line":179,"column":null}},"44":{"start":{"line":181,"column":17},"end":{"line":186,"column":null}},"45":{"start":{"line":188,"column":4},"end":{"line":203,"column":null}},"46":{"start":{"line":189,"column":23},"end":{"line":193,"column":null}},"47":{"start":{"line":195,"column":6},"end":{"line":195,"column":null}},"48":{"start":{"line":197,"column":6},"end":{"line":201,"column":null}},"49":{"start":{"line":198,"column":8},"end":{"line":200,"column":null}},"50":{"start":{"line":202,"column":6},"end":{"line":202,"column":null}}},"fnMap":{"0":{"name":"(anonymous_0)","decl":{"start":{"line":10,"column":2},"end":{"line":10,"column":14}},"loc":{"start":{"line":10,"column":41},"end":{"line":55,"column":null}},"line":10},"1":{"name":"(anonymous_1)","decl":{"start":{"line":24,"column":6},"end":{"line":24,"column":7}},"loc":{"start":{"line":24,"column":18},"end":{"line":29,"column":null}},"line":24},"2":{"name":"(anonymous_2)","decl":{"start":{"line":30,"column":6},"end":{"line":30,"column":7}},"loc":{"start":{"line":30,"column":17},"end":{"line":30,"column":null}},"line":30},"3":{"name":"(anonymous_3)","decl":{"start":{"line":35,"column":6},"end":{"line":35,"column":7}},"loc":{"start":{"line":35,"column":20},"end":{"line":35,"column":null}},"line":35},"4":{"name":"(anonymous_4)","decl":{"start":{"line":36,"column":6},"end":{"line":36,"column":13}},"loc":{"start":{"line":36,"column":35},"end":{"line":53,"column":null}},"line":36},"5":{"name":"(anonymous_5)","decl":{"start":{"line":60,"column":2},"end":{"line":60,"column":17}},"loc":{"start":{"line":60,"column":38},"end":{"line":62,"column":null}},"line":60},"6":{"name":"(anonymous_6)","decl":{"start":{"line":67,"column":2},"end":{"line":67,"column":39}},"loc":{"start":{"line":67,"column":39},"end":{"line":69,"column":null}},"line":67},"7":{"name":"(anonymous_7)","decl":{"start":{"line":74,"column":8},"end":{"line":74,"column":15}},"loc":{"start":{"line":74,"column":59},"end":{"line":77,"column":null}},"line":74},"8":{"name":"(anonymous_8)","decl":{"start":{"line":82,"column":8},"end":{"line":82,"column":16}},"loc":{"start":{"line":82,"column":58},"end":{"line":85,"column":null}},"line":82},"9":{"name":"(anonymous_9)","decl":{"start":{"line":90,"column":8},"end":{"line":90,"column":15}},"loc":{"start":{"line":90,"column":57},"end":{"line":93,"column":null}},"line":90},"10":{"name":"(anonymous_10)","decl":{"start":{"line":98,"column":8},"end":{"line":98,"column":18}},"loc":{"start":{"line":98,"column":48},"end":{"line":101,"column":null}},"line":98},"11":{"name":"(anonymous_11)","decl":{"start":{"line":106,"column":8},"end":{"line":106,"column":17}},"loc":{"start":{"line":106,"column":59},"end":{"line":109,"column":null}},"line":106},"12":{"name":"(anonymous_12)","decl":{"start":{"line":114,"column":9},"end":{"line":114,"column":29}},"loc":{"start":{"line":119,"column":13},"end":{"line":132,"column":null}},"line":119},"13":{"name":"(anonymous_13)","decl":{"start":{"line":137,"column":15},"end":{"line":137,"column":30}},"loc":{"start":{"line":142,"column":29},"end":{"line":169,"column":null}},"line":142},"14":{"name":"(anonymous_14)","decl":{"start":{"line":174,"column":15},"end":{"line":174,"column":34}},"loc":{"start":{"line":178,"column":29},"end":{"line":204,"column":null}},"line":178}},"branchMap":{"0":{"loc":{"start":{"line":11,"column":19},"end":{"line":11,"column":null}},"type":"binary-expr","locations":[{"start":{"line":11,"column":19},"end":{"line":11,"column":36}},{"start":{"line":11,"column":36},"end":{"line":11,"column":null}}],"line":11},"1":{"loc":{"start":{"line":25,"column":8},"end":{"line":27,"column":null}},"type":"if","locations":[{"start":{"line":25,"column":8},"end":{"line":27,"column":null}},{"start":{},"end":{}}],"line":25},"2":{"loc":{"start":{"line":42,"column":8},"end":{"line":50,"column":null}},"type":"if","locations":[{"start":{"line":42,"column":8},"end":{"line":50,"column":null}},{"start":{},"end":{}}],"line":42},"3":{"loc":{"start":{"line":44,"column":10},"end":{"line":46,"column":null}},"type":"if","locations":[{"start":{"line":44,"column":10},"end":{"line":46,"column":null}},{"start":{},"end":{}}],"line":44},"4":{"loc":{"start":{"line":47,"column":10},"end":{"line":49,"column":null}},"type":"if","locations":[{"start":{"line":47,"column":10},"end":{"line":49,"column":null}},{"start":{},"end":{}}],"line":47},"5":{"loc":{"start":{"line":121,"column":18},"end":{"line":121,"column":null}},"type":"binary-expr","locations":[{"start":{"line":121,"column":18},"end":{"line":121,"column":34}},{"start":{"line":121,"column":34},"end":{"line":121,"column":null}}],"line":121},"6":{"loc":{"start":{"line":128,"column":10},"end":{"line":128,"column":null}},"type":"binary-expr","locations":[{"start":{"line":128,"column":10},"end":{"line":128,"column":26}},{"start":{"line":128,"column":26},"end":{"line":128,"column":null}}],"line":128},"7":{"loc":{"start":{"line":162,"column":6},"end":{"line":166,"column":null}},"type":"if","locations":[{"start":{"line":162,"column":6},"end":{"line":166,"column":null}},{"start":{},"end":{}}],"line":162},"8":{"loc":{"start":{"line":164,"column":41},"end":{"line":164,"column":97}},"type":"binary-expr","locations":[{"start":{"line":164,"column":41},"end":{"line":164,"column":84}},{"start":{"line":164,"column":84},"end":{"line":164,"column":97}}],"line":164},"9":{"loc":{"start":{"line":197,"column":6},"end":{"line":201,"column":null}},"type":"if","locations":[{"start":{"line":197,"column":6},"end":{"line":201,"column":null}},{"start":{},"end":{}}],"line":197},"10":{"loc":{"start":{"line":199,"column":38},"end":{"line":199,"column":94}},"type":"binary-expr","locations":[{"start":{"line":199,"column":38},"end":{"line":199,"column":81}},{"start":{"line":199,"column":81},"end":{"line":199,"column":94}}],"line":199}},"s":{"0":15,"1":15,"2":15,"3":15,"4":15,"5":0,"6":0,"7":0,"8":0,"9":15,"10":0,"11":0,"12":0,"13":0,"14":0,"15":0,"16":0,"17":0,"18":0,"19":2,"20":6,"21":2,"22":2,"23":1,"24":1,"25":1,"26":1,"27":1,"28":1,"29":1,"30":1,"31":5,"32":5,"33":5,"34":5,"35":2,"36":2,"37":2,"38":2,"39":1,"40":1,"41":1,"42":0,"43":2,"44":2,"45":2,"46":2,"47":1,"48":1,"49":1,"50":0},"f":{"0":15,"1":0,"2":0,"3":0,"4":0,"5":2,"6":6,"7":2,"8":1,"9":1,"10":1,"11":1,"12":2,"13":2,"14":2},"b":{"0":[15,14],"1":[0,0],"2":[0,0],"3":[0,0],"4":[0,0],"5":[5,3],"6":[5,2],"7":[1,0],"8":[1,0],"9":[1,0],"10":[1,0]},"meta":{"lastBranch":11,"lastFunction":15,"lastStatement":51,"seen":{"f:10:2:10:14":0,"s:11:4:11:Infinity":0,"b:11:19:11:36:11:36:11:Infinity":0,"s:12:4:12:Infinity":1,"s:13:4:13:Infinity":2,"s:15:4:20:Infinity":3,"s:23:4:31:Infinity":4,"f:24:6:24:7":1,"b:25:8:27:Infinity:undefined:undefined:undefined:undefined":1,"s:25:8:27:Infinity":5,"s:26:10:26:Infinity":6,"s:28:8:28:Infinity":7,"f:30:6:30:7":2,"s:30:17:30:Infinity":8,"s:34:4:54:Infinity":9,"f:35:6:35:7":3,"s:35:20:35:Infinity":10,"f:36:6:36:13":4,"s:37:39:40:Infinity":11,"b:42:8:50:Infinity:undefined:undefined:undefined:undefined":2,"s:42:8:50:Infinity":12,"s:43:23:43:Infinity":13,"b:44:10:46:Infinity:undefined:undefined:undefined:undefined":3,"s:44:10:46:Infinity":14,"s:45:12:45:Infinity":15,"b:47:10:49:Infinity:undefined:undefined:undefined:undefined":4,"s:47:10:49:Infinity":16,"s:48:12:48:Infinity":17,"s:52:8:52:Infinity":18,"f:60:2:60:17":5,"s:61:4:61:Infinity":19,"f:67:2:67:39":6,"s:68:4:68:Infinity":20,"f:74:8:74:15":7,"s:75:21:75:Infinity":21,"s:76:4:76:Infinity":22,"f:82:8:82:16":8,"s:83:21:83:Infinity":23,"s:84:4:84:Infinity":24,"f:90:8:90:15":9,"s:91:21:91:Infinity":25,"s:92:4:92:Infinity":26,"f:98:8:98:18":10,"s:99:21:99:Infinity":27,"s:100:4:100:Infinity":28,"f:106:8:106:17":11,"s:107:21:107:Infinity":29,"s:108:4:108:Infinity":30,"f:114:9:114:29":12,"s:120:20:120:Infinity":31,"s:121:18:121:Infinity":32,"b:121:18:121:34:121:34:121:Infinity":5,"s:123:24:129:Infinity":33,"b:128:10:128:26:128:26:128:Infinity":6,"s:131:4:131:Infinity":34,"f:137:15:137:30":13,"s:143:21:143:Infinity":35,"s:145:17:151:Infinity":36,"s:153:4:168:Infinity":37,"s:154:23:158:Infinity":38,"s:160:6:160:Infinity":39,"b:162:6:166:Infinity:undefined:undefined:undefined:undefined":7,"s:162:6:166:Infinity":40,"s:163:8:165:Infinity":41,"b:164:41:164:84:164:84:164:97":8,"s:167:6:167:Infinity":42,"f:174:15:174:34":14,"s:179:21:179:Infinity":43,"s:181:17:186:Infinity":44,"s:188:4:203:Infinity":45,"s:189:23:193:Infinity":46,"s:195:6:195:Infinity":47,"b:197:6:201:Infinity:undefined:undefined:undefined:undefined":9,"s:197:6:201:Infinity":48,"s:198:8:200:Infinity":49,"b:199:38:199:81:199:81:199:94":10,"s:202:6:202:Infinity":50}}}
,"/Users/js/code/visma-eaccounting-npm-package/packages/visma-eaccounting/src/sdk.ts": {"path":"/Users/js/code/visma-eaccounting-npm-package/packages/visma-eaccounting/src/sdk.ts","statementMap":{"0":{"start":{"line":95,"column":4},"end":{"line":95,"column":null}},"1":{"start":{"line":98,"column":4},"end":{"line":98,"column":null}},"2":{"start":{"line":99,"column":4},"end":{"line":99,"column":null}},"3":{"start":{"line":100,"column":4},"end":{"line":100,"column":null}},"4":{"start":{"line":101,"column":4},"end":{"line":101,"column":null}},"5":{"start":{"line":102,"column":4},"end":{"line":102,"column":null}},"6":{"start":{"line":103,"column":4},"end":{"line":103,"column":null}},"7":{"start":{"line":106,"column":4},"end":{"line":106,"column":null}},"8":{"start":{"line":107,"column":4},"end":{"line":107,"column":null}},"9":{"start":{"line":108,"column":4},"end":{"line":108,"column":null}},"10":{"start":{"line":109,"column":4},"end":{"line":109,"column":null}},"11":{"start":{"line":110,"column":4},"end":{"line":110,"column":null}},"12":{"start":{"line":111,"column":4},"end":{"line":111,"column":null}},"13":{"start":{"line":112,"column":4},"end":{"line":112,"column":null}},"14":{"start":{"line":115,"column":4},"end":{"line":115,"column":null}},"15":{"start":{"line":116,"column":4},"end":{"line":116,"column":null}},"16":{"start":{"line":117,"column":4},"end":{"line":117,"column":null}},"17":{"start":{"line":120,"column":4},"end":{"line":120,"column":null}},"18":{"start":{"line":121,"column":4},"end":{"line":121,"column":null}},"19":{"start":{"line":122,"column":4},"end":{"line":122,"column":null}},"20":{"start":{"line":123,"column":4},"end":{"line":123,"column":null}},"21":{"start":{"line":124,"column":4},"end":{"line":124,"column":null}},"22":{"start":{"line":125,"column":4},"end":{"line":125,"column":null}},"23":{"start":{"line":126,"column":4},"end":{"line":126,"column":null}},"24":{"start":{"line":129,"column":4},"end":{"line":129,"column":null}},"25":{"start":{"line":130,"column":4},"end":{"line":130,"column":null}},"26":{"start":{"line":131,"column":4},"end":{"line":131,"column":null}},"27":{"start":{"line":134,"column":4},"end":{"line":134,"column":null}},"28":{"start":{"line":135,"column":4},"end":{"line":135,"column":null}},"29":{"start":{"line":138,"column":4},"end":{"line":138,"column":null}},"30":{"start":{"line":139,"column":4},"end":{"line":139,"column":null}},"31":{"start":{"line":146,"column":4},"end":{"line":146,"column":null}},"32":{"start":{"line":153,"column":4},"end":{"line":153,"column":null}},"33":{"start":{"line":165,"column":4},"end":{"line":165,"column":null}},"34":{"start":{"line":177,"column":4},"end":{"line":177,"column":null}},"35":{"start":{"line":188,"column":4},"end":{"line":188,"column":null}}},"fnMap":{"0":{"name":"(anonymous_0)","decl":{"start":{"line":94,"column":2},"end":{"line":94,"column":14}},"loc":{"start":{"line":94,"column":41},"end":{"line":140,"column":null}},"line":94},"1":{"name":"(anonymous_1)","decl":{"start":{"line":145,"column":2},"end":{"line":145,"column":17}},"loc":{"start":{"line":145,"column":38},"end":{"line":147,"column":null}},"line":145},"2":{"name":"(anonymous_2)","decl":{"start":{"line":152,"column":2},"end":{"line":152,"column":39}},"loc":{"start":{"line":152,"column":39},"end":{"line":154,"column":null}},"line":152},"3":{"name":"(anonymous_3)","decl":{"start":{"line":159,"column":9},"end":{"line":159,"column":29}},"loc":{"start":{"line":164,"column":13},"end":{"line":166,"column":null}},"line":164},"4":{"name":"(anonymous_4)","decl":{"start":{"line":171,"column":15},"end":{"line":171,"column":30}},"loc":{"start":{"line":176,"column":5},"end":{"line":178,"column":null}},"line":176},"5":{"name":"(anonymous_5)","decl":{"start":{"line":183,"column":15},"end":{"line":183,"column":34}},"loc":{"start":{"line":187,"column":5},"end":{"line":189,"column":null}},"line":187}},"branchMap":{},"s":{"0":4,"1":4,"2":4,"3":4,"4":4,"5":4,"6":4,"7":4,"8":4,"9":4,"10":4,"11":4,"12":4,"13":4,"14":4,"15":4,"16":4,"17":4,"18":4,"19":4,"20":4,"21":4,"22":4,"23":4,"24":4,"25":4,"26":4,"27":4,"28":4,"29":4,"30":4,"31":1,"32":3,"33":2,"34":0,"35":0},"f":{"0":4,"1":1,"2":3,"3":1,"4":1,"5":1},"b":{},"meta":{"lastBranch":0,"lastFunction":6,"lastStatement":36,"seen":{"f:94:2:94:14":0,"s:95:4:95:Infinity":0,"s:98:4:98:Infinity":1,"s:99:4:99:Infinity":2,"s:100:4:100:Infinity":3,"s:101:4:101:Infinity":4,"s:102:4:102:Infinity":5,"s:103:4:103:Infinity":6,"s:106:4:106:Infinity":7,"s:107:4:107:Infinity":8,"s:108:4:108:Infinity":9,"s:109:4:109:Infinity":10,"s:110:4:110:Infinity":11,"s:111:4:111:Infinity":12,"s:112:4:112:Infinity":13,"s:115:4:115:Infinity":14,"s:116:4:116:Infinity":15,"s:117:4:117:Infinity":16,"s:120:4:120:Infinity":17,"s:121:4:121:Infinity":18,"s:122:4:122:Infinity":19,"s:123:4:123:Infinity":20,"s:124:4:124:Infinity":21,"s:125:4:125:Infinity":22,"s:126:4:126:Infinity":23,"s:129:4:129:Infinity":24,"s:130:4:130:Infinity":25,"s:131:4:131:Infinity":26,"s:134:4:134:Infinity":27,"s:135:4:135:Infinity":28,"s:138:4:138:Infinity":29,"s:139:4:139:Infinity":30,"f:145:2:145:17":1,"s:146:4:146:Infinity":31,"f:152:2:152:39":2,"s:153:4:153:Infinity":32,"f:159:9:159:29":3,"s:165:4:165:Infinity":33,"f:171:15:171:30":4,"s:177:4:177:Infinity":34,"f:183:15:183:34":5,"s:188:4:188:Infinity":35}}}
,"/Users/js/code/visma-eaccounting-npm-package/packages/visma-eaccounting/src/test-utils.ts": {"path":"/Users/js/code/visma-eaccounting-npm-package/packages/visma-eaccounting/src/test-utils.ts","statementMap":{"0":{"start":{"line":12,"column":21},"end":{"line":20,"column":null}},"1":{"start":{"line":22,"column":2},"end":{"line":22,"column":null}},"2":{"start":{"line":29,"column":64},"end":{"line":29,"column":null}},"3":{"start":{"line":30,"column":2},"end":{"line":38,"column":null}},"4":{"start":{"line":41,"column":28},"end":{"line":50,"column":null}},"5":{"start":{"line":52,"column":27},"end":{"line":61,"column":null}},"6":{"start":{"line":63,"column":27},"end":{"line":85,"column":null}},"7":{"start":{"line":87,"column":32},"end":{"line":91,"column":null}},"8":{"start":{"line":93,"column":28},"end":{"line":102,"column":null}},"9":{"start":{"line":104,"column":35},"end":{"line":115,"column":null}},"10":{"start":{"line":117,"column":31},"end":{"line":122,"column":null}},"11":{"start":{"line":124,"column":27},"end":{"line":129,"column":null}},"12":{"start":{"line":131,"column":30},"end":{"line":136,"column":null}},"13":{"start":{"line":138,"column":27},"end":{"line":143,"column":null}},"14":{"start":{"line":145,"column":27},"end":{"line":154,"column":null}},"15":{"start":{"line":156,"column":31},"end":{"line":162,"column":null}},"16":{"start":{"line":164,"column":35},"end":{"line":171,"column":null}},"17":{"start":{"line":173,"column":35},"end":{"line":180,"column":null}},"18":{"start":{"line":182,"column":30},"end":{"line":187,"column":null}},"19":{"start":{"line":189,"column":27},"end":{"line":193,"column":null}},"20":{"start":{"line":195,"column":28},"end":{"line":200,"column":null}},"21":{"start":{"line":202,"column":30},"end":{"line":207,"column":null}},"22":{"start":{"line":209,"column":34},"end":{"line":214,"column":null}},"23":{"start":{"line":216,"column":37},"end":{"line":221,"column":null}},"24":{"start":{"line":223,"column":43},"end":{"line":227,"column":null}}},"fnMap":{"0":{"name":"createMockClient","decl":{"start":{"line":5,"column":16},"end":{"line":5,"column":null}},"loc":{"start":{"line":11,"column":2},"end":{"line":23,"column":null}},"line":11},"1":{"name":"createPaginatedResponse","decl":{"start":{"line":25,"column":16},"end":{"line":25,"column":null}},"loc":{"start":{"line":28,"column":24},"end":{"line":39,"column":null}},"line":28}},"branchMap":{"0":{"loc":{"start":{"line":27,"column":2},"end":{"line":27,"column":null}},"type":"default-arg","locations":[{"start":{"line":27,"column":71},"end":{"line":27,"column":null}}],"line":27},"1":{"loc":{"start":{"line":29,"column":10},"end":{"line":29,"column":20}},"type":"default-arg","locations":[{"start":{"line":29,"column":17},"end":{"line":29,"column":20}}],"line":29},"2":{"loc":{"start":{"line":29,"column":20},"end":{"line":29,"column":35}},"type":"default-arg","locations":[{"start":{"line":29,"column":31},"end":{"line":29,"column":35}}],"line":29},"3":{"loc":{"start":{"line":29,"column":35},"end":{"line":29,"column":60}},"type":"default-arg","locations":[{"start":{"line":29,"column":48},"end":{"line":29,"column":60}}],"line":29}},"s":{"0":151,"1":151,"2":48,"3":48,"4":10,"5":10,"6":10,"7":10,"8":10,"9":10,"10":10,"11":10,"12":10,"13":10,"14":10,"15":10,"16":10,"17":10,"18":10,"19":10,"20":10,"21":10,"22":10,"23":10,"24":10},"f":{"0":151,"1":48},"b":{"0":[48],"1":[48],"2":[48],"3":[48]},"meta":{"lastBranch":4,"lastFunction":2,"lastStatement":25,"seen":{"f:5:16:5:Infinity":0,"s:12:21:20:Infinity":0,"s:22:2:22:Infinity":1,"f:25:16:25:Infinity":1,"b:27:71:27:Infinity":0,"s:29:64:29:Infinity":2,"b:29:17:29:20":1,"b:29:31:29:35":2,"b:29:48:29:60":3,"s:30:2:38:Infinity":3,"s:41:28:50:Infinity":4,"s:52:27:61:Infinity":5,"s:63:27:85:Infinity":6,"s:87:32:91:Infinity":7,"s:93:28:102:Infinity":8,"s:104:35:115:Infinity":9,"s:117:31:122:Infinity":10,"s:124:27:129:Infinity":11,"s:131:30:136:Infinity":12,"s:138:27:143:Infinity":13,"s:145:27:154:Infinity":14,"s:156:31:162:Infinity":15,"s:164:35:171:Infinity":16,"s:173:35:180:Infinity":17,"s:182:30:187:Infinity":18,"s:189:27:193:Infinity":19,"s:195:28:200:Infinity":20,"s:202:30:207:Infinity":21,"s:209:34:214:Infinity":22,"s:216:37:221:Infinity":23,"s:223:43:227:Infinity":24}}}
,"/Users/js/code/visma-eaccounting-npm-package/packages/visma-eaccounting/src/types.ts": {"path":"/Users/js/code/visma-eaccounting-npm-package/packages/visma-eaccounting/src/types.ts","statementMap":{},"fnMap":{},"branchMap":{},"s":{},"f":{},"b":{},"meta":{"lastBranch":0,"lastFunction":0,"lastStatement":0,"seen":{}}}
,"/Users/js/code/visma-eaccounting-npm-package/packages/visma-eaccounting/src/resources/approval.ts": {"path":"/Users/js/code/visma-eaccounting-npm-package/packages/visma-eaccounting/src/resources/approval.ts","statementMap":{"0":{"start":{"line":10,"column":22},"end":{"line":10,"column":54}},"1":{"start":{"line":16,"column":4},"end":{"line":16,"column":null}},"2":{"start":{"line":23,"column":4},"end":{"line":23,"column":null}},"3":{"start":{"line":30,"column":4},"end":{"line":30,"column":null}},"4":{"start":{"line":37,"column":4},"end":{"line":39,"column":null}},"5":{"start":{"line":44,"column":22},"end":{"line":44,"column":54}},"6":{"start":{"line":50,"column":4},"end":{"line":53,"column":null}},"7":{"start":{"line":60,"column":4},"end":{"line":63,"column":null}},"8":{"start":{"line":70,"column":4},"end":{"line":70,"column":null}},"9":{"start":{"line":77,"column":4},"end":{"line":80,"column":null}},"10":{"start":{"line":87,"column":4},"end":{"line":90,"column":null}},"11":{"start":{"line":97,"column":4},"end":{"line":100,"column":null}}},"fnMap":{"0":{"name":"(anonymous_0)","decl":{"start":{"line":10,"column":2},"end":{"line":10,"column":22}},"loc":{"start":{"line":10,"column":54},"end":{"line":10,"column":null}},"line":10},"1":{"name":"(anonymous_1)","decl":{"start":{"line":15,"column":8},"end":{"line":15,"column":15}},"loc":{"start":{"line":15,"column":89},"end":{"line":17,"column":null}},"line":15},"2":{"name":"(anonymous_2)","decl":{"start":{"line":22,"column":8},"end":{"line":22,"column":12}},"loc":{"start":{"line":22,"column":52},"end":{"line":24,"column":null}},"line":22},"3":{"name":"(anonymous_3)","decl":{"start":{"line":29,"column":8},"end":{"line":29,"column":16}},"loc":{"start":{"line":29,"column":56},"end":{"line":31,"column":null}},"line":29},"4":{"name":"(anonymous_4)","decl":{"start":{"line":36,"column":8},"end":{"line":36,"column":15}},"loc":{"start":{"line":36,"column":72},"end":{"line":40,"column":null}},"line":36},"5":{"name":"(anonymous_5)","decl":{"start":{"line":44,"column":2},"end":{"line":44,"column":22}},"loc":{"start":{"line":44,"column":54},"end":{"line":44,"column":null}},"line":44},"6":{"name":"(anonymous_6)","decl":{"start":{"line":49,"column":8},"end":{"line":49,"column":15}},"loc":{"start":{"line":49,"column":95},"end":{"line":54,"column":null}},"line":49},"7":{"name":"(anonymous_7)","decl":{"start":{"line":59,"column":8},"end":{"line":59,"column":19}},"loc":{"start":{"line":59,"column":99},"end":{"line":64,"column":null}},"line":59},"8":{"name":"(anonymous_8)","decl":{"start":{"line":69,"column":8},"end":{"line":69,"column":12}},"loc":{"start":{"line":69,"column":58},"end":{"line":71,"column":null}},"line":69},"9":{"name":"(anonymous_9)","decl":{"start":{"line":76,"column":8},"end":{"line":76,"column":16}},"loc":{"start":{"line":76,"column":80},"end":{"line":81,"column":null}},"line":76},"10":{"name":"(anonymous_10)","decl":{"start":{"line":86,"column":8},"end":{"line":86,"column":15}},"loc":{"start":{"line":86,"column":79},"end":{"line":91,"column":null}},"line":86},"11":{"name":"(anonymous_11)","decl":{"start":{"line":96,"column":8},"end":{"line":96,"column":23}},"loc":{"start":{"line":96,"column":86},"end":{"line":101,"column":null}},"line":96}},"branchMap":{},"s":{"0":10,"1":2,"2":1,"3":1,"4":2,"5":12,"6":1,"7":2,"8":1,"9":2,"10":1,"11":1},"f":{"0":10,"1":2,"2":1,"3":1,"4":2,"5":12,"6":1,"7":2,"8":1,"9":2,"10":1,"11":1},"b":{},"meta":{"lastBranch":0,"lastFunction":12,"lastStatement":12,"seen":{"f:10:2:10:22":0,"s:10:22:10:54":0,"f:15:8:15:15":1,"s:16:4:16:Infinity":1,"f:22:8:22:12":2,"s:23:4:23:Infinity":2,"f:29:8:29:16":3,"s:30:4:30:Infinity":3,"f:36:8:36:15":4,"s:37:4:39:Infinity":4,"f:44:2:44:22":5,"s:44:22:44:54":5,"f:49:8:49:15":6,"s:50:4:53:Infinity":6,"f:59:8:59:19":7,"s:60:4:63:Infinity":7,"f:69:8:69:12":8,"s:70:4:70:Infinity":8,"f:76:8:76:16":9,"s:77:4:80:Infinity":9,"f:86:8:86:15":10,"s:87:4:90:Infinity":10,"f:96:8:96:23":11,"s:97:4:100:Infinity":11}}}
,"/Users/js/code/visma-eaccounting-npm-package/packages/visma-eaccounting/src/resources/articles.ts": {"path":"/Users/js/code/visma-eaccounting-npm-package/packages/visma-eaccounting/src/resources/articles.ts","statementMap":{"0":{"start":{"line":10,"column":22},"end":{"line":10,"column":54}},"1":{"start":{"line":16,"column":4},"end":{"line":16,"column":null}},"2":{"start":{"line":23,"column":4},"end":{"line":23,"column":null}},"3":{"start":{"line":30,"column":4},"end":{"line":30,"column":null}},"4":{"start":{"line":37,"column":4},"end":{"line":37,"column":null}},"5":{"start":{"line":44,"column":4},"end":{"line":44,"column":null}},"6":{"start":{"line":51,"column":4},"end":{"line":54,"column":null}}},"fnMap":{"0":{"name":"(anonymous_0)","decl":{"start":{"line":10,"column":2},"end":{"line":10,"column":22}},"loc":{"start":{"line":10,"column":54},"end":{"line":10,"column":null}},"line":10},"1":{"name":"(anonymous_1)","decl":{"start":{"line":15,"column":8},"end":{"line":15,"column":15}},"loc":{"start":{"line":15,"column":79},"end":{"line":17,"column":null}},"line":15},"2":{"name":"(anonymous_2)","decl":{"start":{"line":22,"column":8},"end":{"line":22,"column":12}},"loc":{"start":{"line":22,"column":42},"end":{"line":24,"column":null}},"line":22},"3":{"name":"(anonymous_3)","decl":{"start":{"line":29,"column":8},"end":{"line":29,"column":15}},"loc":{"start":{"line":29,"column":61},"end":{"line":31,"column":null}},"line":29},"4":{"name":"(anonymous_4)","decl":{"start":{"line":36,"column":8},"end":{"line":36,"column":15}},"loc":{"start":{"line":36,"column":69},"end":{"line":38,"column":null}},"line":36},"5":{"name":"(anonymous_5)","decl":{"start":{"line":43,"column":8},"end":{"line":43,"column":15}},"loc":{"start":{"line":43,"column":42},"end":{"line":45,"column":null}},"line":43},"6":{"name":"(anonymous_6)","decl":{"start":{"line":50,"column":8},"end":{"line":50,"column":15}},"loc":{"start":{"line":50,"column":94},"end":{"line":55,"column":null}},"line":50}},"branchMap":{},"s":{"0":11,"1":2,"2":1,"3":1,"4":1,"5":1,"6":1},"f":{"0":11,"1":2,"2":1,"3":1,"4":1,"5":1,"6":1},"b":{},"meta":{"lastBranch":0,"lastFunction":7,"lastStatement":7,"seen":{"f:10:2:10:22":0,"s:10:22:10:54":0,"f:15:8:15:15":1,"s:16:4:16:Infinity":1,"f:22:8:22:12":2,"s:23:4:23:Infinity":2,"f:29:8:29:15":3,"s:30:4:30:Infinity":3,"f:36:8:36:15":4,"s:37:4:37:Infinity":4,"f:43:8:43:15":5,"s:44:4:44:Infinity":5,"f:50:8:50:15":6,"s:51:4:54:Infinity":6}}}
,"/Users/js/code/visma-eaccounting-npm-package/packages/visma-eaccounting/src/resources/attachments.ts": {"path":"/Users/js/code/visma-eaccounting-npm-package/packages/visma-eaccounting/src/resources/attachments.ts","statementMap":{"0":{"start":{"line":10,"column":22},"end":{"line":10,"column":54}},"1":{"start":{"line":16,"column":4},"end":{"line":16,"column":null}},"2":{"start":{"line":23,"column":4},"end":{"line":23,"column":null}},"3":{"start":{"line":30,"column":4},"end":{"line":30,"column":null}},"4":{"start":{"line":37,"column":21},"end":{"line":37,"column":null}},"5":{"start":{"line":38,"column":4},"end":{"line":38,"column":null}},"6":{"start":{"line":39,"column":4},"end":{"line":39,"column":null}},"7":{"start":{"line":46,"column":4},"end":{"line":46,"column":null}},"8":{"start":{"line":51,"column":22},"end":{"line":51,"column":54}},"9":{"start":{"line":57,"column":4},"end":{"line":57,"column":null}},"10":{"start":{"line":67,"column":4},"end":{"line":70,"column":null}},"11":{"start":{"line":77,"column":4},"end":{"line":77,"column":null}},"12":{"start":{"line":84,"column":4},"end":{"line":84,"column":null}}},"fnMap":{"0":{"name":"(anonymous_0)","decl":{"start":{"line":10,"column":2},"end":{"line":10,"column":22}},"loc":{"start":{"line":10,"column":54},"end":{"line":10,"column":null}},"line":10},"1":{"name":"(anonymous_1)","decl":{"start":{"line":15,"column":8},"end":{"line":15,"column":15}},"loc":{"start":{"line":15,"column":82},"end":{"line":17,"column":null}},"line":15},"2":{"name":"(anonymous_2)","decl":{"start":{"line":22,"column":8},"end":{"line":22,"column":12}},"loc":{"start":{"line":22,"column":45},"end":{"line":24,"column":null}},"line":22},"3":{"name":"(anonymous_3)","decl":{"start":{"line":29,"column":8},"end":{"line":29,"column":17}},"loc":{"start":{"line":29,"column":44},"end":{"line":31,"column":null}},"line":29},"4":{"name":"(anonymous_4)","decl":{"start":{"line":36,"column":8},"end":{"line":36,"column":15}},"loc":{"start":{"line":36,"column":73},"end":{"line":40,"column":null}},"line":36},"5":{"name":"(anonymous_5)","decl":{"start":{"line":45,"column":8},"end":{"line":45,"column":15}},"loc":{"start":{"line":45,"column":42},"end":{"line":47,"column":null}},"line":45},"6":{"name":"(anonymous_6)","decl":{"start":{"line":51,"column":2},"end":{"line":51,"column":22}},"loc":{"start":{"line":51,"column":54},"end":{"line":51,"column":null}},"line":51},"7":{"name":"(anonymous_7)","decl":{"start":{"line":56,"column":8},"end":{"line":56,"column":15}},"loc":{"start":{"line":56,"column":86},"end":{"line":58,"column":null}},"line":56},"8":{"name":"(anonymous_8)","decl":{"start":{"line":63,"column":8},"end":{"line":63,"column":null}},"loc":{"start":{"line":66,"column":48},"end":{"line":71,"column":null}},"line":66},"9":{"name":"(anonymous_9)","decl":{"start":{"line":76,"column":8},"end":{"line":76,"column":15}},"loc":{"start":{"line":76,"column":62},"end":{"line":78,"column":null}},"line":76},"10":{"name":"(anonymous_10)","decl":{"start":{"line":83,"column":8},"end":{"line":83,"column":15}},"loc":{"start":{"line":83,"column":42},"end":{"line":85,"column":null}},"line":83}},"branchMap":{},"s":{"0":10,"1":2,"2":1,"3":1,"4":1,"5":1,"6":1,"7":1,"8":8,"9":1,"10":1,"11":1,"12":1},"f":{"0":10,"1":2,"2":1,"3":1,"4":1,"5":1,"6":8,"7":1,"8":1,"9":1,"10":1},"b":{},"meta":{"lastBranch":0,"lastFunction":11,"lastStatement":13,"seen":{"f:10:2:10:22":0,"s:10:22:10:54":0,"f:15:8:15:15":1,"s:16:4:16:Infinity":1,"f:22:8:22:12":2,"s:23:4:23:Infinity":2,"f:29:8:29:17":3,"s:30:4:30:Infinity":3,"f:36:8:36:15":4,"s:37:21:37:Infinity":4,"s:38:4:38:Infinity":5,"s:39:4:39:Infinity":6,"f:45:8:45:15":5,"s:46:4:46:Infinity":7,"f:51:2:51:22":6,"s:51:22:51:54":8,"f:56:8:56:15":7,"s:57:4:57:Infinity":9,"f:63:8:63:Infinity":8,"s:67:4:70:Infinity":10,"f:76:8:76:15":9,"s:77:4:77:Infinity":11,"f:83:8:83:15":10,"s:84:4:84:Infinity":12}}}
,"/Users/js/code/visma-eaccounting-npm-package/packages/visma-eaccounting/src/resources/banking.ts": {"path":"/Users/js/code/visma-eaccounting-npm-package/packages/visma-eaccounting/src/resources/banking.ts","statementMap":{"0":{"start":{"line":11,"column":22},"end":{"line":11,"column":54}},"1":{"start":{"line":17,"column":4},"end":{"line":17,"column":null}},"2":{"start":{"line":24,"column":4},"end":{"line":24,"column":null}},"3":{"start":{"line":31,"column":4},"end":{"line":31,"column":null}},"4":{"start":{"line":38,"column":4},"end":{"line":38,"column":null}},"5":{"start":{"line":45,"column":4},"end":{"line":45,"column":null}},"6":{"start":{"line":50,"column":22},"end":{"line":50,"column":54}},"7":{"start":{"line":56,"column":4},"end":{"line":56,"column":null}},"8":{"start":{"line":63,"column":4},"end":{"line":63,"column":null}},"9":{"start":{"line":73,"column":4},"end":{"line":76,"column":null}},"10":{"start":{"line":83,"column":4},"end":{"line":83,"column":null}},"11":{"start":{"line":90,"column":4},"end":{"line":90,"column":null}},"12":{"start":{"line":97,"column":4},"end":{"line":97,"column":null}},"13":{"start":{"line":104,"column":4},"end":{"line":104,"column":null}},"14":{"start":{"line":109,"column":22},"end":{"line":109,"column":54}},"15":{"start":{"line":115,"column":4},"end":{"line":115,"column":null}},"16":{"start":{"line":122,"column":4},"end":{"line":122,"column":null}}},"fnMap":{"0":{"name":"(anonymous_0)","decl":{"start":{"line":11,"column":2},"end":{"line":11,"column":22}},"loc":{"start":{"line":11,"column":54},"end":{"line":11,"column":null}},"line":11},"1":{"name":"(anonymous_1)","decl":{"start":{"line":16,"column":8},"end":{"line":16,"column":15}},"loc":{"start":{"line":16,"column":83},"end":{"line":18,"column":null}},"line":16},"2":{"name":"(anonymous_2)","decl":{"start":{"line":23,"column":8},"end":{"line":23,"column":12}},"loc":{"start":{"line":23,"column":46},"end":{"line":25,"column":null}},"line":23},"3":{"name":"(anonymous_3)","decl":{"start":{"line":30,"column":8},"end":{"line":30,"column":15}},"loc":{"start":{"line":30,"column":65},"end":{"line":32,"column":null}},"line":30},"4":{"name":"(anonymous_4)","decl":{"start":{"line":37,"column":8},"end":{"line":37,"column":15}},"loc":{"start":{"line":37,"column":77},"end":{"line":39,"column":null}},"line":37},"5":{"name":"(anonymous_5)","decl":{"start":{"line":44,"column":8},"end":{"line":44,"column":15}},"loc":{"start":{"line":44,"column":42},"end":{"line":46,"column":null}},"line":44},"6":{"name":"(anonymous_6)","decl":{"start":{"line":50,"column":2},"end":{"line":50,"column":22}},"loc":{"start":{"line":50,"column":54},"end":{"line":50,"column":null}},"line":50},"7":{"name":"(anonymous_7)","decl":{"start":{"line":55,"column":8},"end":{"line":55,"column":15}},"loc":{"start":{"line":55,"column":87},"end":{"line":57,"column":null}},"line":55},"8":{"name":"(anonymous_8)","decl":{"start":{"line":62,"column":8},"end":{"line":62,"column":12}},"loc":{"start":{"line":62,"column":50},"end":{"line":64,"column":null}},"line":62},"9":{"name":"(anonymous_9)","decl":{"start":{"line":69,"column":8},"end":{"line":69,"column":null}},"loc":{"start":{"line":72,"column":49},"end":{"line":77,"column":null}},"line":72},"10":{"name":"(anonymous_10)","decl":{"start":{"line":82,"column":8},"end":{"line":82,"column":15}},"loc":{"start":{"line":82,"column":73},"end":{"line":84,"column":null}},"line":82},"11":{"name":"(anonymous_11)","decl":{"start":{"line":89,"column":8},"end":{"line":89,"column":15}},"loc":{"start":{"line":89,"column":85},"end":{"line":91,"column":null}},"line":89},"12":{"name":"(anonymous_12)","decl":{"start":{"line":96,"column":8},"end":{"line":96,"column":15}},"loc":{"start":{"line":96,"column":42},"end":{"line":98,"column":null}},"line":96},"13":{"name":"(anonymous_13)","decl":{"start":{"line":103,"column":8},"end":{"line":103,"column":25}},"loc":{"start":{"line":103,"column":63},"end":{"line":105,"column":null}},"line":103},"14":{"name":"(anonymous_14)","decl":{"start":{"line":109,"column":2},"end":{"line":109,"column":22}},"loc":{"start":{"line":109,"column":54},"end":{"line":109,"column":null}},"line":109},"15":{"name":"(anonymous_15)","decl":{"start":{"line":114,"column":8},"end":{"line":114,"column":15}},"loc":{"start":{"line":114,"column":76},"end":{"line":116,"column":null}},"line":114},"16":{"name":"(anonymous_16)","decl":{"start":{"line":121,"column":8},"end":{"line":121,"column":12}},"loc":{"start":{"line":121,"column":39},"end":{"line":123,"column":null}},"line":121}},"branchMap":{},"s":{"0":10,"1":2,"2":1,"3":1,"4":1,"5":1,"6":12,"7":1,"8":1,"9":2,"10":1,"11":1,"12":1,"13":1,"14":6,"15":1,"16":1},"f":{"0":10,"1":2,"2":1,"3":1,"4":1,"5":1,"6":12,"7":1,"8":1,"9":2,"10":1,"11":1,"12":1,"13":1,"14":6,"15":1,"16":1},"b":{},"meta":{"lastBranch":0,"lastFunction":17,"lastStatement":17,"seen":{"f:11:2:11:22":0,"s:11:22:11:54":0,"f:16:8:16:15":1,"s:17:4:17:Infinity":1,"f:23:8:23:12":2,"s:24:4:24:Infinity":2,"f:30:8:30:15":3,"s:31:4:31:Infinity":3,"f:37:8:37:15":4,"s:38:4:38:Infinity":4,"f:44:8:44:15":5,"s:45:4:45:Infinity":5,"f:50:2:50:22":6,"s:50:22:50:54":6,"f:55:8:55:15":7,"s:56:4:56:Infinity":7,"f:62:8:62:12":8,"s:63:4:63:Infinity":8,"f:69:8:69:Infinity":9,"s:73:4:76:Infinity":9,"f:82:8:82:15":10,"s:83:4:83:Infinity":10,"f:89:8:89:15":11,"s:90:4:90:Infinity":11,"f:96:8:96:15":12,"s:97:4:97:Infinity":12,"f:103:8:103:25":13,"s:104:4:104:Infinity":13,"f:109:2:109:22":14,"s:109:22:109:54":14,"f:114:8:114:15":15,"s:115:4:115:Infinity":15,"f:121:8:121:12":16,"s:122:4:122:Infinity":16}}}
,"/Users/js/code/visma-eaccounting-npm-package/packages/visma-eaccounting/src/resources/common.ts": {"path":"/Users/js/code/visma-eaccounting-npm-package/packages/visma-eaccounting/src/resources/common.ts","statementMap":{"0":{"start":{"line":13,"column":22},"end":{"line":13,"column":54}},"1":{"start":{"line":19,"column":4},"end":{"line":19,"column":null}},"2":{"start":{"line":26,"column":4},"end":{"line":26,"column":null}},"3":{"start":{"line":33,"column":4},"end":{"line":33,"column":null}},"4":{"start":{"line":40,"column":4},"end":{"line":40,"column":null}},"5":{"start":{"line":47,"column":4},"end":{"line":47,"column":null}},"6":{"start":{"line":52,"column":22},"end":{"line":52,"column":54}},"7":{"start":{"line":58,"column":4},"end":{"line":58,"column":null}},"8":{"start":{"line":65,"column":4},"end":{"line":65,"column":null}},"9":{"start":{"line":70,"column":22},"end":{"line":70,"column":54}},"10":{"start":{"line":76,"column":4},"end":{"line":76,"column":null}},"11":{"start":{"line":83,"column":4},"end":{"line":83,"column":null}},"12":{"start":{"line":90,"column":4},"end":{"line":90,"column":null}},"13":{"start":{"line":95,"column":22},"end":{"line":95,"column":54}},"14":{"start":{"line":101,"column":4},"end":{"line":101,"column":null}},"15":{"start":{"line":108,"column":4},"end":{"line":108,"column":null}},"16":{"start":{"line":115,"column":4},"end":{"line":115,"column":null}},"17":{"start":{"line":122,"column":4},"end":{"line":122,"column":null}},"18":{"start":{"line":129,"column":4},"end":{"line":129,"column":null}},"19":{"start":{"line":134,"column":22},"end":{"line":134,"column":54}},"20":{"start":{"line":140,"column":4},"end":{"line":140,"column":null}},"21":{"start":{"line":147,"column":4},"end":{"line":147,"column":null}},"22":{"start":{"line":154,"column":4},"end":{"line":154,"column":null}},"23":{"start":{"line":161,"column":4},"end":{"line":161,"column":null}},"24":{"start":{"line":168,"column":4},"end":{"line":168,"column":null}}},"fnMap":{"0":{"name":"(anonymous_0)","decl":{"start":{"line":13,"column":2},"end":{"line":13,"column":22}},"loc":{"start":{"line":13,"column":54},"end":{"line":13,"column":null}},"line":13},"1":{"name":"(anonymous_1)","decl":{"start":{"line":18,"column":8},"end":{"line":18,"column":15}},"loc":{"start":{"line":18,"column":83},"end":{"line":20,"column":null}},"line":18},"2":{"name":"(anonymous_2)","decl":{"start":{"line":25,"column":8},"end":{"line":25,"column":12}},"loc":{"start":{"line":25,"column":46},"end":{"line":27,"column":null}},"line":25},"3":{"name":"(anonymous_3)","decl":{"start":{"line":32,"column":8},"end":{"line":32,"column":15}},"loc":{"start":{"line":32,"column":65},"end":{"line":34,"column":null}},"line":32},"4":{"name":"(anonymous_4)","decl":{"start":{"line":39,"column":8},"end":{"line":39,"column":15}},"loc":{"start":{"line":39,"column":77},"end":{"line":41,"column":null}},"line":39},"5":{"name":"(anonymous_5)","decl":{"start":{"line":46,"column":8},"end":{"line":46,"column":15}},"loc":{"start":{"line":46,"column":42},"end":{"line":48,"column":null}},"line":46},"6":{"name":"(anonymous_6)","decl":{"start":{"line":52,"column":2},"end":{"line":52,"column":22}},"loc":{"start":{"line":52,"column":54},"end":{"line":52,"column":null}},"line":52},"7":{"name":"(anonymous_7)","decl":{"start":{"line":57,"column":8},"end":{"line":57,"column":15}},"loc":{"start":{"line":57,"column":79},"end":{"line":59,"column":null}},"line":57},"8":{"name":"(anonymous_8)","decl":{"start":{"line":64,"column":8},"end":{"line":64,"column":12}},"loc":{"start":{"line":64,"column":42},"end":{"line":66,"column":null}},"line":64},"9":{"name":"(anonymous_9)","decl":{"start":{"line":70,"column":2},"end":{"line":70,"column":22}},"loc":{"start":{"line":70,"column":54},"end":{"line":70,"column":null}},"line":70},"10":{"name":"(anonymous_10)","decl":{"start":{"line":75,"column":8},"end":{"line":75,"column":15}},"loc":{"start":{"line":75,"column":82},"end":{"line":77,"column":null}},"line":75},"11":{"name":"(anonymous_11)","decl":{"start":{"line":82,"column":8},"end":{"line":82,"column":12}},"loc":{"start":{"line":82,"column":45},"end":{"line":84,"column":null}},"line":82},"12":{"name":"(anonymous_12)","decl":{"start":{"line":89,"column":8},"end":{"line":89,"column":42}},"loc":{"start":{"line":89,"column":42},"end":{"line":91,"column":null}},"line":89},"13":{"name":"(anonymous_13)","decl":{"start":{"line":95,"column":2},"end":{"line":95,"column":22}},"loc":{"start":{"line":95,"column":54},"end":{"line":95,"column":null}},"line":95},"14":{"name":"(anonymous_14)","decl":{"start":{"line":100,"column":8},"end":{"line":100,"column":15}},"loc":{"start":{"line":100,"column":79},"end":{"line":102,"column":null}},"line":100},"15":{"name":"(anonymous_15)","decl":{"start":{"line":107,"column":8},"end":{"line":107,"column":12}},"loc":{"start":{"line":107,"column":42},"end":{"line":109,"column":null}},"line":107},"16":{"name":"(anonymous_16)","decl":{"start":{"line":114,"column":8},"end":{"line":114,"column":15}},"loc":{"start":{"line":114,"column":57},"end":{"line":116,"column":null}},"line":114},"17":{"name":"(anonymous_17)","decl":{"start":{"line":121,"column":8},"end":{"line":121,"column":15}},"loc":{"start":{"line":121,"column":69},"end":{"line":123,"column":null}},"line":121},"18":{"name":"(anonymous_18)","decl":{"start":{"line":128,"column":8},"end":{"line":128,"column":15}},"loc":{"start":{"line":128,"column":42},"end":{"line":130,"column":null}},"line":128},"19":{"name":"(anonymous_19)","decl":{"start":{"line":134,"column":2},"end":{"line":134,"column":22}},"loc":{"start":{"line":134,"column":54},"end":{"line":134,"column":null}},"line":134},"20":{"name":"(anonymous_20)","decl":{"start":{"line":139,"column":8},"end":{"line":139,"column":15}},"loc":{"start":{"line":139,"column":79},"end":{"line":141,"column":null}},"line":139},"21":{"name":"(anonymous_21)","decl":{"start":{"line":146,"column":8},"end":{"line":146,"column":12}},"loc":{"start":{"line":146,"column":42},"end":{"line":148,"column":null}},"line":146},"22":{"name":"(anonymous_22)","decl":{"start":{"line":153,"column":8},"end":{"line":153,"column":15}},"loc":{"start":{"line":153,"column":57},"end":{"line":155,"column":null}},"line":153},"23":{"name":"(anonymous_23)","decl":{"start":{"line":160,"column":8},"end":{"line":160,"column":15}},"loc":{"start":{"line":160,"column":69},"end":{"line":162,"column":null}},"line":160},"24":{"name":"(anonymous_24)","decl":{"start":{"line":167,"column":8},"end":{"line":167,"column":15}},"loc":{"start":{"line":167,"column":42},"end":{"line":169,"column":null}},"line":167}},"branchMap":{},"s":{"0":9,"1":1,"2":1,"3":1,"4":1,"5":1,"6":6,"7":1,"8":1,"9":7,"10":1,"11":1,"12":1,"13":9,"14":1,"15":1,"16":1,"17":1,"18":1,"19":9,"20":1,"21":1,"22":1,"23":1,"24":1},"f":{"0":9,"1":1,"2":1,"3":1,"4":1,"5":1,"6":6,"7":1,"8":1,"9":7,"10":1,"11":1,"12":1,"13":9,"14":1,"15":1,"16":1,"17":1,"18":1,"19":9,"20":1,"21":1,"22":1,"23":1,"24":1},"b":{},"meta":{"lastBranch":0,"lastFunction":25,"lastStatement":25,"seen":{"f:13:2:13:22":0,"s:13:22:13:54":0,"f:18:8:18:15":1,"s:19:4:19:Infinity":1,"f:25:8:25:12":2,"s:26:4:26:Infinity":2,"f:32:8:32:15":3,"s:33:4:33:Infinity":3,"f:39:8:39:15":4,"s:40:4:40:Infinity":4,"f:46:8:46:15":5,"s:47:4:47:Infinity":5,"f:52:2:52:22":6,"s:52:22:52:54":6,"f:57:8:57:15":7,"s:58:4:58:Infinity":7,"f:64:8:64:12":8,"s:65:4:65:Infinity":8,"f:70:2:70:22":9,"s:70:22:70:54":9,"f:75:8:75:15":10,"s:76:4:76:Infinity":10,"f:82:8:82:12":11,"s:83:4:83:Infinity":11,"f:89:8:89:42":12,"s:90:4:90:Infinity":12,"f:95:2:95:22":13,"s:95:22:95:54":13,"f:100:8:100:15":14,"s:101:4:101:Infinity":14,"f:107:8:107:12":15,"s:108:4:108:Infinity":15,"f:114:8:114:15":16,"s:115:4:115:Infinity":16,"f:121:8:121:15":17,"s:122:4:122:Infinity":17,"f:128:8:128:15":18,"s:129:4:129:Infinity":18,"f:134:2:134:22":19,"s:134:22:134:54":19,"f:139:8:139:15":20,"s:140:4:140:Infinity":20,"f:146:8:146:12":21,"s:147:4:147:Infinity":21,"f:153:8:153:15":22,"s:154:4:154:Infinity":22,"f:160:8:160:15":23,"s:161:4:161:Infinity":23,"f:167:8:167:15":24,"s:168:4:168:Infinity":24}}}
,"/Users/js/code/visma-eaccounting-npm-package/packages/visma-eaccounting/src/resources/customers.ts": {"path":"/Users/js/code/visma-eaccounting-npm-package/packages/visma-eaccounting/src/resources/customers.ts","statementMap":{"0":{"start":{"line":11,"column":22},"end":{"line":11,"column":54}},"1":{"start":{"line":17,"column":4},"end":{"line":17,"column":null}},"2":{"start":{"line":24,"column":4},"end":{"line":24,"column":null}},"3":{"start":{"line":31,"column":4},"end":{"line":31,"column":null}},"4":{"start":{"line":38,"column":4},"end":{"line":38,"column":null}},"5":{"start":{"line":45,"column":4},"end":{"line":45,"column":null}},"6":{"start":{"line":52,"column":4},"end":{"line":55,"column":null}}},"fnMap":{"0":{"name":"(anonymous_0)","decl":{"start":{"line":11,"column":2},"end":{"line":11,"column":22}},"loc":{"start":{"line":11,"column":54},"end":{"line":11,"column":null}},"line":11},"1":{"name":"(anonymous_1)","decl":{"start":{"line":16,"column":8},"end":{"line":16,"column":15}},"loc":{"start":{"line":16,"column":80},"end":{"line":18,"column":null}},"line":16},"2":{"name":"(anonymous_2)","decl":{"start":{"line":23,"column":8},"end":{"line":23,"column":12}},"loc":{"start":{"line":23,"column":43},"end":{"line":25,"column":null}},"line":23},"3":{"name":"(anonymous_3)","decl":{"start":{"line":30,"column":8},"end":{"line":30,"column":15}},"loc":{"start":{"line":30,"column":63},"end":{"line":32,"column":null}},"line":30},"4":{"name":"(anonymous_4)","decl":{"start":{"line":37,"column":8},"end":{"line":37,"column":15}},"loc":{"start":{"line":37,"column":71},"end":{"line":39,"column":null}},"line":37},"5":{"name":"(anonymous_5)","decl":{"start":{"line":44,"column":8},"end":{"line":44,"column":15}},"loc":{"start":{"line":44,"column":42},"end":{"line":46,"column":null}},"line":44},"6":{"name":"(anonymous_6)","decl":{"start":{"line":51,"column":8},"end":{"line":51,"column":15}},"loc":{"start":{"line":51,"column":95},"end":{"line":56,"column":null}},"line":51}},"branchMap":{},"s":{"0":12,"1":2,"2":1,"3":1,"4":1,"5":1,"6":2},"f":{"0":12,"1":2,"2":1,"3":1,"4":1,"5":1,"6":2},"b":{},"meta":{"lastBranch":0,"lastFunction":7,"lastStatement":7,"seen":{"f:11:2:11:22":0,"s:11:22:11:54":0,"f:16:8:16:15":1,"s:17:4:17:Infinity":1,"f:23:8:23:12":2,"s:24:4:24:Infinity":2,"f:30:8:30:15":3,"s:31:4:31:Infinity":3,"f:37:8:37:15":4,"s:38:4:38:Infinity":4,"f:44:8:44:15":5,"s:45:4:45:Infinity":5,"f:51:8:51:15":6,"s:52:4:55:Infinity":6}}}
,"/Users/js/code/visma-eaccounting-npm-package/packages/visma-eaccounting/src/resources/invoices.ts": {"path":"/Users/js/code/visma-eaccounting-npm-package/packages/visma-eaccounting/src/resources/invoices.ts","statementMap":{"0":{"start":{"line":11,"column":22},"end":{"line":11,"column":54}},"1":{"start":{"line":17,"column":4},"end":{"line":17,"column":null}},"2":{"start":{"line":24,"column":4},"end":{"line":24,"column":null}},"3":{"start":{"line":31,"column":4},"end":{"line":31,"column":null}},"4":{"start":{"line":38,"column":4},"end":{"line":38,"column":null}},"5":{"start":{"line":45,"column":4},"end":{"line":45,"column":null}},"6":{"start":{"line":52,"column":4},"end":{"line":52,"column":null}},"7":{"start":{"line":59,"column":4},"end":{"line":61,"column":null}},"8":{"start":{"line":68,"column":4},"end":{"line":71,"column":null}},"9":{"start":{"line":78,"column":4},"end":{"line":78,"column":null}},"10":{"start":{"line":83,"column":22},"end":{"line":83,"column":54}},"11":{"start":{"line":89,"column":4},"end":{"line":92,"column":null}},"12":{"start":{"line":99,"column":4},"end":{"line":99,"column":null}},"13":{"start":{"line":106,"column":4},"end":{"line":106,"column":null}},"14":{"start":{"line":113,"column":4},"end":{"line":113,"column":null}},"15":{"start":{"line":120,"column":4},"end":{"line":120,"column":null}},"16":{"start":{"line":127,"column":4},"end":{"line":127,"column":null}}},"fnMap":{"0":{"name":"(anonymous_0)","decl":{"start":{"line":11,"column":2},"end":{"line":11,"column":22}},"loc":{"start":{"line":11,"column":54},"end":{"line":11,"column":null}},"line":11},"1":{"name":"(anonymous_1)","decl":{"start":{"line":16,"column":8},"end":{"line":16,"column":15}},"loc":{"start":{"line":16,"column":87},"end":{"line":18,"column":null}},"line":16},"2":{"name":"(anonymous_2)","decl":{"start":{"line":23,"column":8},"end":{"line":23,"column":12}},"loc":{"start":{"line":23,"column":50},"end":{"line":25,"column":null}},"line":23},"3":{"name":"(anonymous_3)","decl":{"start":{"line":30,"column":8},"end":{"line":30,"column":15}},"loc":{"start":{"line":30,"column":69},"end":{"line":32,"column":null}},"line":30},"4":{"name":"(anonymous_4)","decl":{"start":{"line":37,"column":8},"end":{"line":37,"column":15}},"loc":{"start":{"line":37,"column":85},"end":{"line":39,"column":null}},"line":37},"5":{"name":"(anonymous_5)","decl":{"start":{"line":44,"column":8},"end":{"line":44,"column":15}},"loc":{"start":{"line":44,"column":42},"end":{"line":46,"column":null}},"line":44},"6":{"name":"(anonymous_6)","decl":{"start":{"line":51,"column":8},"end":{"line":51,"column":15}},"loc":{"start":{"line":51,"column":42},"end":{"line":53,"column":null}},"line":51},"7":{"name":"(anonymous_7)","decl":{"start":{"line":58,"column":8},"end":{"line":58,"column":18}},"loc":{"start":{"line":58,"column":68},"end":{"line":62,"column":null}},"line":58},"8":{"name":"(anonymous_8)","decl":{"start":{"line":67,"column":8},"end":{"line":67,"column":19}},"loc":{"start":{"line":67,"column":94},"end":{"line":72,"column":null}},"line":67},"9":{"name":"(anonymous_9)","decl":{"start":{"line":77,"column":8},"end":{"line":77,"column":21}},"loc":{"start":{"line":77,"column":66},"end":{"line":79,"column":null}},"line":77},"10":{"name":"(anonymous_10)","decl":{"start":{"line":83,"column":2},"end":{"line":83,"column":22}},"loc":{"start":{"line":83,"column":54},"end":{"line":83,"column":null}},"line":83},"11":{"name":"(anonymous_11)","decl":{"start":{"line":88,"column":8},"end":{"line":88,"column":15}},"loc":{"start":{"line":88,"column":92},"end":{"line":93,"column":null}},"line":88},"12":{"name":"(anonymous_12)","decl":{"start":{"line":98,"column":8},"end":{"line":98,"column":12}},"loc":{"start":{"line":98,"column":55},"end":{"line":100,"column":null}},"line":98},"13":{"name":"(anonymous_13)","decl":{"start":{"line":105,"column":8},"end":{"line":105,"column":15}},"loc":{"start":{"line":105,"column":74},"end":{"line":107,"column":null}},"line":105},"14":{"name":"(anonymous_14)","decl":{"start":{"line":112,"column":8},"end":{"line":112,"column":15}},"loc":{"start":{"line":112,"column":95},"end":{"line":114,"column":null}},"line":112},"15":{"name":"(anonymous_15)","decl":{"start":{"line":119,"column":8},"end":{"line":119,"column":15}},"loc":{"start":{"line":119,"column":42},"end":{"line":121,"column":null}},"line":119},"16":{"name":"(anonymous_16)","decl":{"start":{"line":126,"column":8},"end":{"line":126,"column":25}},"loc":{"start":{"line":126,"column":63},"end":{"line":128,"column":null}},"line":126}},"branchMap":{},"s":{"0":15,"1":2,"2":1,"3":1,"4":1,"5":1,"6":1,"7":2,"8":1,"9":1,"10":10,"11":1,"12":1,"13":1,"14":1,"15":1,"16":1},"f":{"0":15,"1":2,"2":1,"3":1,"4":1,"5":1,"6":1,"7":2,"8":1,"9":1,"10":10,"11":1,"12":1,"13":1,"14":1,"15":1,"16":1},"b":{},"meta":{"lastBranch":0,"lastFunction":17,"lastStatement":17,"seen":{"f:11:2:11:22":0,"s:11:22:11:54":0,"f:16:8:16:15":1,"s:17:4:17:Infinity":1,"f:23:8:23:12":2,"s:24:4:24:Infinity":2,"f:30:8:30:15":3,"s:31:4:31:Infinity":3,"f:37:8:37:15":4,"s:38:4:38:Infinity":4,"f:44:8:44:15":5,"s:45:4:45:Infinity":5,"f:51:8:51:15":6,"s:52:4:52:Infinity":6,"f:58:8:58:18":7,"s:59:4:61:Infinity":7,"f:67:8:67:19":8,"s:68:4:71:Infinity":8,"f:77:8:77:21":9,"s:78:4:78:Infinity":9,"f:83:2:83:22":10,"s:83:22:83:54":10,"f:88:8:88:15":11,"s:89:4:92:Infinity":11,"f:98:8:98:12":12,"s:99:4:99:Infinity":12,"f:105:8:105:15":13,"s:106:4:106:Infinity":13,"f:112:8:112:15":14,"s:113:4:113:Infinity":14,"f:119:8:119:15":15,"s:120:4:120:Infinity":15,"f:126:8:126:25":16,"s:127:4:127:Infinity":16}}}
,"/Users/js/code/visma-eaccounting-npm-package/packages/visma-eaccounting/src/resources/organization.ts": {"path":"/Users/js/code/visma-eaccounting-npm-package/packages/visma-eaccounting/src/resources/organization.ts","statementMap":{"0":{"start":{"line":14,"column":22},"end":{"line":14,"column":54}},"1":{"start":{"line":20,"column":4},"end":{"line":20,"column":null}},"2":{"start":{"line":27,"column":4},"end":{"line":27,"column":null}},"3":{"start":{"line":34,"column":4},"end":{"line":34,"column":null}},"4":{"start":{"line":41,"column":4},"end":{"line":41,"column":null}},"5":{"start":{"line":48,"column":4},"end":{"line":48,"column":null}},"6":{"start":{"line":53,"column":22},"end":{"line":53,"column":54}},"7":{"start":{"line":59,"column":4},"end":{"line":59,"column":null}},"8":{"start":{"line":69,"column":4},"end":{"line":72,"column":null}},"9":{"start":{"line":79,"column":4},"end":{"line":79,"column":null}},"10":{"start":{"line":86,"column":4},"end":{"line":86,"column":null}},"11":{"start":{"line":93,"column":4},"end":{"line":93,"column":null}},"12":{"start":{"line":100,"column":4},"end":{"line":100,"column":null}},"13":{"start":{"line":105,"column":22},"end":{"line":105,"column":54}},"14":{"start":{"line":111,"column":4},"end":{"line":111,"column":null}},"15":{"start":{"line":118,"column":4},"end":{"line":118,"column":null}},"16":{"start":{"line":125,"column":4},"end":{"line":125,"column":null}},"17":{"start":{"line":132,"column":4},"end":{"line":132,"column":null}},"18":{"start":{"line":139,"column":4},"end":{"line":139,"column":null}},"19":{"start":{"line":144,"column":22},"end":{"line":144,"column":54}},"20":{"start":{"line":150,"column":4},"end":{"line":150,"column":null}},"21":{"start":{"line":157,"column":4},"end":{"line":157,"column":null}},"22":{"start":{"line":164,"column":4},"end":{"line":164,"column":null}},"23":{"start":{"line":171,"column":4},"end":{"line":171,"column":null}},"24":{"start":{"line":178,"column":4},"end":{"line":178,"column":null}},"25":{"start":{"line":183,"column":22},"end":{"line":183,"column":54}},"26":{"start":{"line":189,"column":4},"end":{"line":189,"column":null}},"27":{"start":{"line":199,"column":4},"end":{"line":202,"column":null}},"28":{"start":{"line":209,"column":4},"end":{"line":209,"column":null}},"29":{"start":{"line":214,"column":22},"end":{"line":214,"column":54}},"30":{"start":{"line":220,"column":4},"end":{"line":220,"column":null}},"31":{"start":{"line":227,"column":4},"end":{"line":227,"column":null}},"32":{"start":{"line":234,"column":4},"end":{"line":234,"column":null}},"33":{"start":{"line":241,"column":4},"end":{"line":241,"column":null}}},"fnMap":{"0":{"name":"(anonymous_0)","decl":{"start":{"line":14,"column":2},"end":{"line":14,"column":22}},"loc":{"start":{"line":14,"column":54},"end":{"line":14,"column":null}},"line":14},"1":{"name":"(anonymous_1)","decl":{"start":{"line":19,"column":8},"end":{"line":19,"column":15}},"loc":{"start":{"line":19,"column":82},"end":{"line":21,"column":null}},"line":19},"2":{"name":"(anonymous_2)","decl":{"start":{"line":26,"column":8},"end":{"line":26,"column":12}},"loc":{"start":{"line":26,"column":45},"end":{"line":28,"column":null}},"line":26},"3":{"name":"(anonymous_3)","decl":{"start":{"line":33,"column":8},"end":{"line":33,"column":15}},"loc":{"start":{"line":33,"column":63},"end":{"line":35,"column":null}},"line":33},"4":{"name":"(anonymous_4)","decl":{"start":{"line":40,"column":8},"end":{"line":40,"column":15}},"loc":{"start":{"line":40,"column":75},"end":{"line":42,"column":null}},"line":40},"5":{"name":"(anonymous_5)","decl":{"start":{"line":47,"column":8},"end":{"line":47,"column":15}},"loc":{"start":{"line":47,"column":42},"end":{"line":49,"column":null}},"line":47},"6":{"name":"(anonymous_6)","decl":{"start":{"line":53,"column":2},"end":{"line":53,"column":22}},"loc":{"start":{"line":53,"column":54},"end":{"line":53,"column":null}},"line":53},"7":{"name":"(anonymous_7)","decl":{"start":{"line":58,"column":8},"end":{"line":58,"column":15}},"loc":{"start":{"line":58,"column":86},"end":{"line":60,"column":null}},"line":58},"8":{"name":"(anonymous_8)","decl":{"start":{"line":65,"column":8},"end":{"line":65,"column":null}},"loc":{"start":{"line":68,"column":48},"end":{"line":73,"column":null}},"line":68},"9":{"name":"(anonymous_9)","decl":{"start":{"line":78,"column":8},"end":{"line":78,"column":12}},"loc":{"start":{"line":78,"column":49},"end":{"line":80,"column":null}},"line":78},"10":{"name":"(anonymous_10)","decl":{"start":{"line":85,"column":8},"end":{"line":85,"column":15}},"loc":{"start":{"line":85,"column":71},"end":{"line":87,"column":null}},"line":85},"11":{"name":"(anonymous_11)","decl":{"start":{"line":92,"column":8},"end":{"line":92,"column":15}},"loc":{"start":{"line":92,"column":83},"end":{"line":94,"column":null}},"line":92},"12":{"name":"(anonymous_12)","decl":{"start":{"line":99,"column":8},"end":{"line":99,"column":15}},"loc":{"start":{"line":99,"column":42},"end":{"line":101,"column":null}},"line":99},"13":{"name":"(anonymous_13)","decl":{"start":{"line":105,"column":2},"end":{"line":105,"column":22}},"loc":{"start":{"line":105,"column":54},"end":{"line":105,"column":null}},"line":105},"14":{"name":"(anonymous_14)","decl":{"start":{"line":110,"column":8},"end":{"line":110,"column":15}},"loc":{"start":{"line":110,"column":85},"end":{"line":112,"column":null}},"line":110},"15":{"name":"(anonymous_15)","decl":{"start":{"line":117,"column":8},"end":{"line":117,"column":12}},"loc":{"start":{"line":117,"column":48},"end":{"line":119,"column":null}},"line":117},"16":{"name":"(anonymous_16)","decl":{"start":{"line":124,"column":8},"end":{"line":124,"column":15}},"loc":{"start":{"line":124,"column":69},"end":{"line":126,"column":null}},"line":124},"17":{"name":"(anonymous_17)","decl":{"start":{"line":131,"column":8},"end":{"line":131,"column":15}},"loc":{"start":{"line":131,"column":81},"end":{"line":133,"column":null}},"line":131},"18":{"name":"(anonymous_18)","decl":{"start":{"line":138,"column":8},"end":{"line":138,"column":15}},"loc":{"start":{"line":138,"column":42},"end":{"line":140,"column":null}},"line":138},"19":{"name":"(anonymous_19)","decl":{"start":{"line":144,"column":2},"end":{"line":144,"column":22}},"loc":{"start":{"line":144,"column":54},"end":{"line":144,"column":null}},"line":144},"20":{"name":"(anonymous_20)","decl":{"start":{"line":149,"column":8},"end":{"line":149,"column":15}},"loc":{"start":{"line":149,"column":84},"end":{"line":151,"column":null}},"line":149},"21":{"name":"(anonymous_21)","decl":{"start":{"line":156,"column":8},"end":{"line":156,"column":12}},"loc":{"start":{"line":156,"column":47},"end":{"line":158,"column":null}},"line":156},"22":{"name":"(anonymous_22)","decl":{"start":{"line":163,"column":8},"end":{"line":163,"column":15}},"loc":{"start":{"line":163,"column":67},"end":{"line":165,"column":null}},"line":163},"23":{"name":"(anonymous_23)","decl":{"start":{"line":170,"column":8},"end":{"line":170,"column":15}},"loc":{"start":{"line":170,"column":79},"end":{"line":172,"column":null}},"line":170},"24":{"name":"(anonymous_24)","decl":{"start":{"line":177,"column":8},"end":{"line":177,"column":15}},"loc":{"start":{"line":177,"column":42},"end":{"line":179,"column":null}},"line":177},"25":{"name":"(anonymous_25)","decl":{"start":{"line":183,"column":2},"end":{"line":183,"column":22}},"loc":{"start":{"line":183,"column":54},"end":{"line":183,"column":null}},"line":183},"26":{"name":"(anonymous_26)","decl":{"start":{"line":188,"column":8},"end":{"line":188,"column":15}},"loc":{"start":{"line":188,"column":90},"end":{"line":190,"column":null}},"line":188},"27":{"name":"(anonymous_27)","decl":{"start":{"line":195,"column":8},"end":{"line":195,"column":null}},"loc":{"start":{"line":198,"column":52},"end":{"line":203,"column":null}},"line":198},"28":{"name":"(anonymous_28)","decl":{"start":{"line":208,"column":8},"end":{"line":208,"column":12}},"loc":{"start":{"line":208,"column":53},"end":{"line":210,"column":null}},"line":208},"29":{"name":"(anonymous_29)","decl":{"start":{"line":214,"column":2},"end":{"line":214,"column":22}},"loc":{"start":{"line":214,"column":54},"end":{"line":214,"column":null}},"line":214},"30":{"name":"(anonymous_30)","decl":{"start":{"line":219,"column":8},"end":{"line":219,"column":15}},"loc":{"start":{"line":219,"column":92},"end":{"line":221,"column":null}},"line":219},"31":{"name":"(anonymous_31)","decl":{"start":{"line":226,"column":8},"end":{"line":226,"column":21}},"loc":{"start":{"line":226,"column":71},"end":{"line":228,"column":null}},"line":226},"32":{"name":"(anonymous_32)","decl":{"start":{"line":233,"column":8},"end":{"line":233,"column":15}},"loc":{"start":{"line":233,"column":74},"end":{"line":235,"column":null}},"line":233},"33":{"name":"(anonymous_33)","decl":{"start":{"line":240,"column":8},"end":{"line":240,"column":15}},"loc":{"start":{"line":240,"column":49},"end":{"line":242,"column":null}},"line":240}},"branchMap":{},"s":{"0":9,"1":1,"2":1,"3":1,"4":1,"5":1,"6":10,"7":1,"8":1,"9":1,"10":1,"11":1,"12":1,"13":9,"14":1,"15":1,"16":1,"17":1,"18":1,"19":6,"20":1,"21":0,"22":1,"23":0,"24":0,"25":7,"26":1,"27":1,"28":1,"29":8,"30":1,"31":1,"32":1,"33":1},"f":{"0":9,"1":1,"2":1,"3":1,"4":1,"5":1,"6":10,"7":1,"8":1,"9":1,"10":1,"11":1,"12":1,"13":9,"14":1,"15":1,"16":1,"17":1,"18":1,"19":6,"20":1,"21":0,"22":1,"23":0,"24":0,"25":7,"26":1,"27":1,"28":1,"29":8,"30":1,"31":1,"32":1,"33":1},"b":{},"meta":{"lastBranch":0,"lastFunction":34,"lastStatement":34,"seen":{"f:14:2:14:22":0,"s:14:22:14:54":0,"f:19:8:19:15":1,"s:20:4:20:Infinity":1,"f:26:8:26:12":2,"s:27:4:27:Infinity":2,"f:33:8:33:15":3,"s:34:4:34:Infinity":3,"f:40:8:40:15":4,"s:41:4:41:Infinity":4,"f:47:8:47:15":5,"s:48:4:48:Infinity":5,"f:53:2:53:22":6,"s:53:22:53:54":6,"f:58:8:58:15":7,"s:59:4:59:Infinity":7,"f:65:8:65:Infinity":8,"s:69:4:72:Infinity":8,"f:78:8:78:12":9,"s:79:4:79:Infinity":9,"f:85:8:85:15":10,"s:86:4:86:Infinity":10,"f:92:8:92:15":11,"s:93:4:93:Infinity":11,"f:99:8:99:15":12,"s:100:4:100:Infinity":12,"f:105:2:105:22":13,"s:105:22:105:54":13,"f:110:8:110:15":14,"s:111:4:111:Infinity":14,"f:117:8:117:12":15,"s:118:4:118:Infinity":15,"f:124:8:124:15":16,"s:125:4:125:Infinity":16,"f:131:8:131:15":17,"s:132:4:132:Infinity":17,"f:138:8:138:15":18,"s:139:4:139:Infinity":18,"f:144:2:144:22":19,"s:144:22:144:54":19,"f:149:8:149:15":20,"s:150:4:150:Infinity":20,"f:156:8:156:12":21,"s:157:4:157:Infinity":21,"f:163:8:163:15":22,"s:164:4:164:Infinity":22,"f:170:8:170:15":23,"s:171:4:171:Infinity":23,"f:177:8:177:15":24,"s:178:4:178:Infinity":24,"f:183:2:183:22":25,"s:183:22:183:54":25,"f:188:8:188:15":26,"s:189:4:189:Infinity":26,"f:195:8:195:Infinity":27,"s:199:4:202:Infinity":27,"f:208:8:208:12":28,"s:209:4:209:Infinity":28,"f:214:2:214:22":29,"s:214:22:214:54":29,"f:219:8:219:15":30,"s:220:4:220:Infinity":30,"f:226:8:226:21":31,"s:227:4:227:Infinity":31,"f:233:8:233:15":32,"s:234:4:234:Infinity":32,"f:240:8:240:15":33,"s:241:4:241:Infinity":33}}}
,"/Users/js/code/visma-eaccounting-npm-package/packages/visma-eaccounting/src/resources/reference.ts": {"path":"/Users/js/code/visma-eaccounting-npm-package/packages/visma-eaccounting/src/resources/reference.ts","statementMap":{"0":{"start":{"line":15,"column":22},"end":{"line":15,"column":54}},"1":{"start":{"line":25,"column":4},"end":{"line":25,"column":null}},"2":{"start":{"line":35,"column":4},"end":{"line":37,"column":null}},"3":{"start":{"line":42,"column":22},"end":{"line":42,"column":54}},"4":{"start":{"line":48,"column":4},"end":{"line":48,"column":null}},"5":{"start":{"line":55,"column":4},"end":{"line":55,"column":null}},"6":{"start":{"line":60,"column":22},"end":{"line":60,"column":54}},"7":{"start":{"line":66,"column":4},"end":{"line":66,"column":null}},"8":{"start":{"line":73,"column":4},"end":{"line":73,"column":null}},"9":{"start":{"line":78,"column":22},"end":{"line":78,"column":54}},"10":{"start":{"line":84,"column":4},"end":{"line":84,"column":null}},"11":{"start":{"line":91,"column":4},"end":{"line":91,"column":null}},"12":{"start":{"line":96,"column":22},"end":{"line":96,"column":54}},"13":{"start":{"line":102,"column":4},"end":{"line":102,"column":null}},"14":{"start":{"line":109,"column":4},"end":{"line":109,"column":null}},"15":{"start":{"line":116,"column":4},"end":{"line":118,"column":null}},"16":{"start":{"line":125,"column":21},"end":{"line":127,"column":null}},"17":{"start":{"line":128,"column":4},"end":{"line":128,"column":null}},"18":{"start":{"line":133,"column":22},"end":{"line":133,"column":54}},"19":{"start":{"line":139,"column":4},"end":{"line":139,"column":null}},"20":{"start":{"line":146,"column":4},"end":{"line":146,"column":null}},"21":{"start":{"line":153,"column":4},"end":{"line":153,"column":null}},"22":{"start":{"line":160,"column":4},"end":{"line":160,"column":null}},"23":{"start":{"line":167,"column":4},"end":{"line":167,"column":null}}},"fnMap":{"0":{"name":"(anonymous_0)","decl":{"start":{"line":15,"column":2},"end":{"line":15,"column":22}},"loc":{"start":{"line":15,"column":54},"end":{"line":15,"column":null}},"line":15},"1":{"name":"(anonymous_1)","decl":{"start":{"line":20,"column":8},"end":{"line":20,"column":15}},"loc":{"start":{"line":24,"column":49},"end":{"line":26,"column":null}},"line":24},"2":{"name":"(anonymous_2)","decl":{"start":{"line":31,"column":8},"end":{"line":31,"column":null}},"loc":{"start":{"line":34,"column":29},"end":{"line":38,"column":null}},"line":34},"3":{"name":"(anonymous_3)","decl":{"start":{"line":42,"column":2},"end":{"line":42,"column":22}},"loc":{"start":{"line":42,"column":54},"end":{"line":42,"column":null}},"line":42},"4":{"name":"(anonymous_4)","decl":{"start":{"line":47,"column":8},"end":{"line":47,"column":15}},"loc":{"start":{"line":47,"column":83},"end":{"line":49,"column":null}},"line":47},"5":{"name":"(anonymous_5)","decl":{"start":{"line":54,"column":8},"end":{"line":54,"column":12}},"loc":{"start":{"line":54,"column":46},"end":{"line":56,"column":null}},"line":54},"6":{"name":"(anonymous_6)","decl":{"start":{"line":60,"column":2},"end":{"line":60,"column":22}},"loc":{"start":{"line":60,"column":54},"end":{"line":60,"column":null}},"line":60},"7":{"name":"(anonymous_7)","decl":{"start":{"line":65,"column":8},"end":{"line":65,"column":40}},"loc":{"start":{"line":65,"column":40},"end":{"line":67,"column":null}},"line":65},"8":{"name":"(anonymous_8)","decl":{"start":{"line":72,"column":8},"end":{"line":72,"column":15}},"loc":{"start":{"line":72,"column":73},"end":{"line":74,"column":null}},"line":72},"9":{"name":"(anonymous_9)","decl":{"start":{"line":78,"column":2},"end":{"line":78,"column":22}},"loc":{"start":{"line":78,"column":54},"end":{"line":78,"column":null}},"line":78},"10":{"name":"(anonymous_10)","decl":{"start":{"line":83,"column":8},"end":{"line":83,"column":15}},"loc":{"start":{"line":83,"column":79},"end":{"line":85,"column":null}},"line":83},"11":{"name":"(anonymous_11)","decl":{"start":{"line":90,"column":8},"end":{"line":90,"column":12}},"loc":{"start":{"line":90,"column":44},"end":{"line":92,"column":null}},"line":90},"12":{"name":"(anonymous_12)","decl":{"start":{"line":96,"column":2},"end":{"line":96,"column":22}},"loc":{"start":{"line":96,"column":54},"end":{"line":96,"column":null}},"line":96},"13":{"name":"(anonymous_13)","decl":{"start":{"line":101,"column":8},"end":{"line":101,"column":15}},"loc":{"start":{"line":101,"column":80},"end":{"line":103,"column":null}},"line":101},"14":{"name":"(anonymous_14)","decl":{"start":{"line":108,"column":8},"end":{"line":108,"column":12}},"loc":{"start":{"line":108,"column":45},"end":{"line":110,"column":null}},"line":108},"15":{"name":"(anonymous_15)","decl":{"start":{"line":115,"column":8},"end":{"line":115,"column":24}},"loc":{"start":{"line":115,"column":84},"end":{"line":119,"column":null}},"line":115},"16":{"name":"(anonymous_16)","decl":{"start":{"line":124,"column":8},"end":{"line":124,"column":25}},"loc":{"start":{"line":124,"column":65},"end":{"line":129,"column":null}},"line":124},"17":{"name":"(anonymous_17)","decl":{"start":{"line":133,"column":2},"end":{"line":133,"column":22}},"loc":{"start":{"line":133,"column":54},"end":{"line":133,"column":null}},"line":133},"18":{"name":"(anonymous_18)","decl":{"start":{"line":138,"column":8},"end":{"line":138,"column":15}},"loc":{"start":{"line":138,"column":88},"end":{"line":140,"column":null}},"line":138},"19":{"name":"(anonymous_19)","decl":{"start":{"line":145,"column":8},"end":{"line":145,"column":12}},"loc":{"start":{"line":145,"column":51},"end":{"line":147,"column":null}},"line":145},"20":{"name":"(anonymous_20)","decl":{"start":{"line":152,"column":8},"end":{"line":152,"column":15}},"loc":{"start":{"line":152,"column":75},"end":{"line":154,"column":null}},"line":152},"21":{"name":"(anonymous_21)","decl":{"start":{"line":159,"column":8},"end":{"line":159,"column":15}},"loc":{"start":{"line":159,"column":87},"end":{"line":161,"column":null}},"line":159},"22":{"name":"(anonymous_22)","decl":{"start":{"line":166,"column":8},"end":{"line":166,"column":15}},"loc":{"start":{"line":166,"column":42},"end":{"line":168,"column":null}},"line":166}},"branchMap":{},"s":{"0":8,"1":2,"2":2,"3":6,"4":1,"5":1,"6":6,"7":1,"8":1,"9":6,"10":1,"11":1,"12":10,"13":1,"14":1,"15":2,"16":2,"17":2,"18":9,"19":1,"20":1,"21":1,"22":1,"23":1},"f":{"0":8,"1":2,"2":2,"3":6,"4":1,"5":1,"6":6,"7":1,"8":1,"9":6,"10":1,"11":1,"12":10,"13":1,"14":1,"15":2,"16":2,"17":9,"18":1,"19":1,"20":1,"21":1,"22":1},"b":{},"meta":{"lastBranch":0,"lastFunction":23,"lastStatement":24,"seen":{"f:15:2:15:22":0,"s:15:22:15:54":0,"f:20:8:20:15":1,"s:25:4:25:Infinity":1,"f:31:8:31:Infinity":2,"s:35:4:37:Infinity":2,"f:42:2:42:22":3,"s:42:22:42:54":3,"f:47:8:47:15":4,"s:48:4:48:Infinity":4,"f:54:8:54:12":5,"s:55:4:55:Infinity":5,"f:60:2:60:22":6,"s:60:22:60:54":6,"f:65:8:65:40":7,"s:66:4:66:Infinity":7,"f:72:8:72:15":8,"s:73:4:73:Infinity":8,"f:78:2:78:22":9,"s:78:22:78:54":9,"f:83:8:83:15":10,"s:84:4:84:Infinity":10,"f:90:8:90:12":11,"s:91:4:91:Infinity":11,"f:96:2:96:22":12,"s:96:22:96:54":12,"f:101:8:101:15":13,"s:102:4:102:Infinity":13,"f:108:8:108:12":14,"s:109:4:109:Infinity":14,"f:115:8:115:24":15,"s:116:4:118:Infinity":15,"f:124:8:124:25":16,"s:125:21:127:Infinity":16,"s:128:4:128:Infinity":17,"f:133:2:133:22":17,"s:133:22:133:54":18,"f:138:8:138:15":18,"s:139:4:139:Infinity":19,"f:145:8:145:12":19,"s:146:4:146:Infinity":20,"f:152:8:152:15":20,"s:153:4:153:Infinity":21,"f:159:8:159:15":21,"s:160:4:160:Infinity":22,"f:166:8:166:15":22,"s:167:4:167:Infinity":23}}}
,"/Users/js/code/visma-eaccounting-npm-package/packages/visma-eaccounting/src/resources/suppliers.ts": {"path":"/Users/js/code/visma-eaccounting-npm-package/packages/visma-eaccounting/src/resources/suppliers.ts","statementMap":{"0":{"start":{"line":11,"column":22},"end":{"line":11,"column":54}},"1":{"start":{"line":17,"column":4},"end":{"line":17,"column":null}},"2":{"start":{"line":24,"column":4},"end":{"line":24,"column":null}},"3":{"start":{"line":31,"column":4},"end":{"line":31,"column":null}},"4":{"start":{"line":38,"column":4},"end":{"line":38,"column":null}},"5":{"start":{"line":45,"column":4},"end":{"line":45,"column":null}},"6":{"start":{"line":52,"column":4},"end":{"line":55,"column":null}},"7":{"start":{"line":60,"column":22},"end":{"line":60,"column":54}},"8":{"start":{"line":66,"column":4},"end":{"line":66,"column":null}},"9":{"start":{"line":73,"column":4},"end":{"line":73,"column":null}},"10":{"start":{"line":80,"column":4},"end":{"line":80,"column":null}},"11":{"start":{"line":87,"column":4},"end":{"line":87,"column":null}},"12":{"start":{"line":94,"column":4},"end":{"line":94,"column":null}},"13":{"start":{"line":105,"column":4},"end":{"line":108,"column":null}}},"fnMap":{"0":{"name":"(anonymous_0)","decl":{"start":{"line":11,"column":2},"end":{"line":11,"column":22}},"loc":{"start":{"line":11,"column":54},"end":{"line":11,"column":null}},"line":11},"1":{"name":"(anonymous_1)","decl":{"start":{"line":16,"column":8},"end":{"line":16,"column":15}},"loc":{"start":{"line":16,"column":80},"end":{"line":18,"column":null}},"line":16},"2":{"name":"(anonymous_2)","decl":{"start":{"line":23,"column":8},"end":{"line":23,"column":12}},"loc":{"start":{"line":23,"column":43},"end":{"line":25,"column":null}},"line":23},"3":{"name":"(anonymous_3)","decl":{"start":{"line":30,"column":8},"end":{"line":30,"column":15}},"loc":{"start":{"line":30,"column":63},"end":{"line":32,"column":null}},"line":30},"4":{"name":"(anonymous_4)","decl":{"start":{"line":37,"column":8},"end":{"line":37,"column":15}},"loc":{"start":{"line":37,"column":71},"end":{"line":39,"column":null}},"line":37},"5":{"name":"(anonymous_5)","decl":{"start":{"line":44,"column":8},"end":{"line":44,"column":15}},"loc":{"start":{"line":44,"column":42},"end":{"line":46,"column":null}},"line":44},"6":{"name":"(anonymous_6)","decl":{"start":{"line":51,"column":8},"end":{"line":51,"column":15}},"loc":{"start":{"line":51,"column":95},"end":{"line":56,"column":null}},"line":51},"7":{"name":"(anonymous_7)","decl":{"start":{"line":60,"column":2},"end":{"line":60,"column":22}},"loc":{"start":{"line":60,"column":54},"end":{"line":60,"column":null}},"line":60},"8":{"name":"(anonymous_8)","decl":{"start":{"line":65,"column":8},"end":{"line":65,"column":15}},"loc":{"start":{"line":65,"column":87},"end":{"line":67,"column":null}},"line":65},"9":{"name":"(anonymous_9)","decl":{"start":{"line":72,"column":8},"end":{"line":72,"column":12}},"loc":{"start":{"line":72,"column":50},"end":{"line":74,"column":null}},"line":72},"10":{"name":"(anonymous_10)","decl":{"start":{"line":79,"column":8},"end":{"line":79,"column":15}},"loc":{"start":{"line":79,"column":73},"end":{"line":81,"column":null}},"line":79},"11":{"name":"(anonymous_11)","decl":{"start":{"line":86,"column":8},"end":{"line":86,"column":15}},"loc":{"start":{"line":86,"column":85},"end":{"line":88,"column":null}},"line":86},"12":{"name":"(anonymous_12)","decl":{"start":{"line":93,"column":8},"end":{"line":93,"column":15}},"loc":{"start":{"line":93,"column":42},"end":{"line":95,"column":null}},"line":93},"13":{"name":"(anonymous_13)","decl":{"start":{"line":100,"column":8},"end":{"line":100,"column":null}},"loc":{"start":{"line":104,"column":30},"end":{"line":109,"column":null}},"line":104}},"branchMap":{},"s":{"0":11,"1":2,"2":1,"3":1,"4":1,"5":1,"6":1,"7":10,"8":1,"9":1,"10":1,"11":1,"12":1,"13":1},"f":{"0":11,"1":2,"2":1,"3":1,"4":1,"5":1,"6":1,"7":10,"8":1,"9":1,"10":1,"11":1,"12":1,"13":1},"b":{},"meta":{"lastBranch":0,"lastFunction":14,"lastStatement":14,"seen":{"f:11:2:11:22":0,"s:11:22:11:54":0,"f:16:8:16:15":1,"s:17:4:17:Infinity":1,"f:23:8:23:12":2,"s:24:4:24:Infinity":2,"f:30:8:30:15":3,"s:31:4:31:Infinity":3,"f:37:8:37:15":4,"s:38:4:38:Infinity":4,"f:44:8:44:15":5,"s:45:4:45:Infinity":5,"f:51:8:51:15":6,"s:52:4:55:Infinity":6,"f:60:2:60:22":7,"s:60:22:60:54":7,"f:65:8:65:15":8,"s:66:4:66:Infinity":8,"f:72:8:72:12":9,"s:73:4:73:Infinity":9,"f:79:8:79:15":10,"s:80:4:80:Infinity":10,"f:86:8:86:15":11,"s:87:4:87:Infinity":11,"f:93:8:93:15":12,"s:94:4:94:Infinity":12,"f:100:8:100:Infinity":13,"s:105:4:108:Infinity":13}}}
}
